<?xml version="1.0" encoding="UTF-8"?>
<testsuite name="| mohammad@technosoftacademy.io | test1234 |" time="50.127" tests="5" errors="1" skipped="0" failures="0">
  <properties>
[...]
</properties>
  <testcase name="And I am on home page" classname="| mohammad@technosoftacademy.io | test1234 |" time="10.092"/>
  <testcase name="When I enter mohammad@technosoftacademy.io into username text fields on home screen" classname="| mohammad@technosoftacademy.io | test1234 |" time="10.004"/>
  <testcase name="And I enter test1234 into password text fields on home screen" classname="| mohammad@technosoftacademy.io | test1234 |" time="10.004"/>
  <testcase name="And I click on login button on home screen" classname="| mohammad@technosoftacademy.io | test1234 |" time="10.004"/>
  <testcase name="Then I verify that i am an invalid login page" classname="| mohammad@technosoftacademy.io | test1234 |" time="10.023">
    <error message="timeout: Timed out receiving message from renderer: 600.000&#10;  (Session info: chrome=59.0.3071.115)&#10;  (Driver info: chromedriver=2.29.461585 (0be2cd95f834e9ee7c46bcc7cf405b483f5ae83b),platform=Mac OS X 10.12.5 x86_64) (WARNING: The server did not provide any stacktrace information)&#10;Command duration or timeout: 600.02 seconds&#10;Build info: version: &apos;3.4.0&apos;, revision: &apos;unknown&apos;, time: &apos;unknown&apos;&#10;System info: host: &apos;Awaiss-MacBook-Pro.local&apos;, ip: &apos;fe80:0:0:0:c0c:b6ca:dcb4:a4ba%en0&apos;, os.name: &apos;Mac OS X&apos;, os.arch: &apos;x86_64&apos;, os.version: &apos;10.12.5&apos;, java.version: &apos;1.8.0_131&apos;&#10;Driver info: org.openqa.selenium.chrome.ChromeDriver&#10;Capabilities [{applicationCacheEnabled=false, rotatable=false, mobileEmulationEnabled=false, networkConnectionEnabled=false, chrome={chromedriverVersion=2.29.461585 (0be2cd95f834e9ee7c46bcc7cf405b483f5ae83b), userDataDir=/var/folders/9c/9qkkz_cn58d0wv1zmxc0_73m0000gn/T/.org.chromium.Chromium.x2cMIm}, takesHeapSnapshot=true, pageLoadStrategy=normal, databaseEnabled=false, handlesAlerts=true, hasTouchScreen=false, version=59.0.3071.115, platform=MAC, browserConnectionEnabled=false, nativeEvents=true, acceptSslCerts=true, locationContextEnabled=true, webStorageEnabled=true, browserName=chrome, takesScreenshot=true, javascriptEnabled=true, cssSelectorsEnabled=true, unexpectedAlertBehaviour=}]&#10;Session ID: 926e0910623d0b486759d8bcc852abaa&#10;*** Element info: {Using=xpath, value=//*[@id=&apos;content&apos;]/div/div/div[1]/span}" type="org.openqa.selenium.TimeoutException">org.openqa.selenium.TimeoutException: timeout: Timed out receiving message from renderer: 600.000
  (Session info: chrome=59.0.3071.115)
  (Driver info: chromedriver=2.29.461585 (0be2cd95f834e9ee7c46bcc7cf405b483f5ae83b),platform=Mac OS X 10.12.5 x86_64) (WARNING: The server did not provide any stacktrace information)
Command duration or timeout: 600.02 seconds
Build info: version: '3.4.0', revision: 'unknown', time: 'unknown'
System info: host: 'Awaiss-MacBook-Pro.local', ip: 'fe80:0:0:0:c0c:b6ca:dcb4:a4ba%en0', os.name: 'Mac OS X', os.arch: 'x86_64', os.version: '10.12.5', java.version: '1.8.0_131'
Driver info: org.openqa.selenium.chrome.ChromeDriver
Capabilities [{applicationCacheEnabled=false, rotatable=false, mobileEmulationEnabled=false, networkConnectionEnabled=false, chrome={chromedriverVersion=2.29.461585 (0be2cd95f834e9ee7c46bcc7cf405b483f5ae83b), userDataDir=/var/folders/9c/9qkkz_cn58d0wv1zmxc0_73m0000gn/T/.org.chromium.Chromium.x2cMIm}, takesHeapSnapshot=true, pageLoadStrategy=normal, databaseEnabled=false, handlesAlerts=true, hasTouchScreen=false, version=59.0.3071.115, platform=MAC, browserConnectionEnabled=false, nativeEvents=true, acceptSslCerts=true, locationContextEnabled=true, webStorageEnabled=true, browserName=chrome, takesScreenshot=true, javascriptEnabled=true, cssSelectorsEnabled=true, unexpectedAlertBehaviour=}]
Session ID: 926e0910623d0b486759d8bcc852abaa
*** Element info: {Using=xpath, value=//*[@id='content']/div/div/div[1]/span}
	at sun.reflect.NativeConstructorAccessorImpl.newInstance0(Native Method)
	at sun.reflect.NativeConstructorAccessorImpl.newInstance(NativeConstructorAccessorImpl.java:62)
	at sun.reflect.DelegatingConstructorAccessorImpl.newInstance(DelegatingConstructorAccessorImpl.java:45)
	at java.lang.reflect.Constructor.newInstance(Constructor.java:423)
	at org.openqa.selenium.remote.ErrorHandler.createThrowable(ErrorHandler.java:215)
	at org.openqa.selenium.remote.ErrorHandler.throwIfResponseFailed(ErrorHandler.java:167)
	at org.openqa.selenium.remote.RemoteWebDriver.execute(RemoteWebDriver.java:671)
	at org.openqa.selenium.remote.RemoteWebDriver.findElement(RemoteWebDriver.java:410)
	at org.openqa.selenium.remote.RemoteWebDriver.findElementByXPath(RemoteWebDriver.java:509)
	at org.openqa.selenium.By$ByXPath.findElement(By.java:361)
	at org.openqa.selenium.remote.RemoteWebDriver.findElement(RemoteWebDriver.java:402)
	at framework.BasePage.getTextFromElement(BasePage.java:35)
	at framework.LoginPage.getPageHeader(LoginPage.java:11)
	at stepdefinition.LoginSD.verifyInvalidLoginPage(LoginSD.java:47)
	at ✽.Then I verify that i am an invalid login page(login.feature:29)
</error>
    <system-err><![CDATA[[646.616][SEVERE]: Timed out receiving message from renderer: 600.000
]]></system-err>
  </testcase>
</testsuite>